000.000 =============================================================
000.000                     Station B                               
000.000 -------------------------------------------------------------
000.000 Protocol.lib, version 4.0, jiangyanjun0718@bupt.edu.cn
000.000 Channel: 8000 bps, 270 ms propagation delay, bit error rate 1.0E-05
000.000 Log file "D:\ComputerNetworking\Lab1-Windows-VS2017\Debug\datalink-B.log", TCP port 59144, debug mask 0x00
000.000 Station B is connecting station A (TCP port 59144) ... Done.
000.371 New epoch: Fri Apr 12 09:44:18 2024
000.371 =================================================================
000.371 
000.371 Selective Repeat, Designed by ORANGEC, build: Apr  9 2024  15:06:23
002.754 .... 8 packets received, 7832 bps, 97.90%, Err 0 (0.0e+00)
004.867 .... 16 packets received, 7793 bps, 97.41%, Err 0 (0.0e+00)
007.006 .... 24 packets received, 7748 bps, 96.85%, Err 0 (0.0e+00)
009.121 .... 32 packets received, 7747 bps, 96.84%, Err 0 (0.0e+00)
011.229 .... 40 packets received, 7752 bps, 96.91%, Err 0 (0.0e+00)
013.362 .... 48 packets received, 7740 bps, 96.76%, Err 0 (0.0e+00)
015.463 .... 56 packets received, 7749 bps, 96.86%, Err 0 (0.0e+00)
017.541 .... 64 packets received, 7765 bps, 97.07%, Err 0 (0.0e+00)
019.672 .... 72 packets received, 7757 bps, 96.96%, Err 0 (0.0e+00)
021.771 .... 80 packets received, 7762 bps, 97.02%, Err 0 (0.0e+00)
023.901 .... 88 packets received, 7755 bps, 96.94%, Err 2 (1.1e-05)
027.847 .... 89 packets received, 6705 bps, 83.81%, Err 2 (9.1e-06)
029.988 .... 105 packets received, 7333 bps, 91.66%, Err 2 (8.5e-06)
035.352 .... 111 packets received, 6553 bps, 81.91%, Err 3 (1.1e-05)
037.432 .... 126 packets received, 7018 bps, 87.72%, Err 3 (1.0e-05)
041.985 .... 129 packets received, 6393 bps, 79.92%, Err 4 (1.2e-05)
044.061 .... 145 packets received, 6843 bps, 85.53%, Err 4 (1.1e-05)
046.142 .... 153 packets received, 6890 bps, 86.12%, Err 4 (1.1e-05)
050.906 .... 157 packets received, 6399 bps, 79.99%, Err 6 (1.5e-05)
053.079 .... 172 packets received, 6720 bps, 84.00%, Err 6 (1.4e-05)
055.243 .... 180 packets received, 6754 bps, 84.42%, Err 6 (1.4e-05)
057.355 .... 188 packets received, 6791 bps, 84.89%, Err 6 (1.3e-05)
062.177 .... 192 packets received, 6392 bps, 79.90%, Err 8 (1.6e-05)
064.291 .... 207 packets received, 6663 bps, 83.28%, Err 8 (1.6e-05)
066.401 .... 215 packets received, 6698 bps, 83.73%, Err 8 (1.5e-05)
068.508 .... 223 packets received, 6731 bps, 84.14%, Err 8 (1.5e-05)
070.646 .... 231 packets received, 6760 bps, 84.50%, Err 8 (1.4e-05)
072.775 .... 239 packets received, 6788 bps, 84.84%, Err 8 (1.4e-05)
074.947 .... 247 packets received, 6810 bps, 85.12%, Err 8 (1.3e-05)
077.075 .... 255 packets received, 6834 bps, 85.43%, Err 8 (1.3e-05)
079.174 .... 263 packets received, 6860 bps, 85.76%, Err 8 (1.3e-05)
081.309 .... 271 packets received, 6882 bps, 86.02%, Err 9 (1.4e-05)
085.268 .... 272 packets received, 6584 bps, 82.30%, Err 9 (1.3e-05)
087.356 .... 289 packets received, 6827 bps, 85.34%, Err 9 (1.3e-05)
089.501 .... 297 packets received, 6847 bps, 85.58%, Err 9 (1.3e-05)
093.708 .... 299 packets received, 6581 bps, 82.26%, Err 12 (1.6e-05)
096.606 .... 313 packets received, 6681 bps, 83.52%, Err 12 (1.6e-05)
102.447 .... 321 packets received, 6459 bps, 80.73%, Err 13 (1.6e-05)
104.524 .... 338 packets received, 6665 bps, 83.31%, Err 13 (1.6e-05)
106.689 .... 346 packets received, 6683 bps, 83.54%, Err 13 (1.5e-05)
108.755 .... 354 packets received, 6707 bps, 83.84%, Err 13 (1.5e-05)
110.903 .... 362 packets received, 6725 bps, 84.06%, Err 13 (1.5e-05)
112.979 .... 370 packets received, 6747 bps, 84.33%, Err 13 (1.4e-05)
115.127 .... 378 packets received, 6763 bps, 84.54%, Err 13 (1.4e-05)
117.254 .... 386 packets received, 6780 bps, 84.75%, Err 13 (1.4e-05)
119.332 .... 394 packets received, 6800 bps, 85.00%, Err 13 (1.4e-05)
121.447 .... 402 packets received, 6816 bps, 85.20%, Err 13 (1.3e-05)
123.589 .... 410 packets received, 6831 bps, 85.38%, Err 13 (1.3e-05)
125.674 .... 418 packets received, 6848 bps, 85.60%, Err 13 (1.3e-05)
127.804 .... 426 packets received, 6862 bps, 85.77%, Err 14 (1.4e-05)
131.757 .... 427 packets received, 6671 bps, 83.38%, Err 15 (1.4e-05)
134.674 .... 441 packets received, 6739 bps, 84.24%, Err 15 (1.4e-05)
136.753 .... 449 packets received, 6757 bps, 84.46%, Err 15 (1.4e-05)
138.880 .... 457 packets received, 6771 bps, 84.64%, Err 15 (1.4e-05)
141.012 .... 465 packets received, 6785 bps, 84.82%, Err 15 (1.3e-05)
143.095 .... 473 packets received, 6801 bps, 85.01%, Err 15 (1.3e-05)
145.206 .... 481 packets received, 6815 bps, 85.19%, Err 15 (1.3e-05)
147.333 .... 489 packets received, 6828 bps, 85.35%, Err 15 (1.3e-05)
149.430 .... 497 packets received, 6842 bps, 85.52%, Err 15 (1.3e-05)
151.543 .... 505 packets received, 6855 bps, 85.68%, Err 15 (1.2e-05)
153.670 .... 513 packets received, 6866 bps, 85.83%, Err 15 (1.2e-05)
155.823 .... 521 packets received, 6877 bps, 85.96%, Err 15 (1.2e-05)
157.903 .... 529 packets received, 6890 bps, 86.13%, Err 15 (1.2e-05)
162.378 .... 532 packets received, 6737 bps, 84.22%, Err 16 (1.2e-05)
164.495 .... 549 packets received, 6863 bps, 85.78%, Err 16 (1.2e-05)
166.609 .... 557 packets received, 6874 bps, 85.93%, Err 16 (1.2e-05)
168.703 .... 565 packets received, 6886 bps, 86.07%, Err 16 (1.2e-05)
170.840 .... 573 packets received, 6896 bps, 86.20%, Err 16 (1.2e-05)
172.940 .... 581 packets received, 6907 bps, 86.34%, Err 16 (1.2e-05)
175.094 .... 589 packets received, 6915 bps, 86.44%, Err 16 (1.1e-05)
177.165 .... 597 packets received, 6927 bps, 86.59%, Err 16 (1.1e-05)
179.307 .... 605 packets received, 6936 bps, 86.70%, Err 16 (1.1e-05)
181.383 .... 613 packets received, 6947 bps, 86.83%, Err 16 (1.1e-05)
183.487 .... 621 packets received, 6956 bps, 86.96%, Err 16 (1.1e-05)
185.617 .... 629 packets received, 6965 bps, 87.06%, Err 16 (1.1e-05)
187.730 .... 637 packets received, 6974 bps, 87.17%, Err 16 (1.1e-05)
189.847 .... 645 packets received, 6982 bps, 87.28%, Err 16 (1.1e-05)
191.941 .... 653 packets received, 6992 bps, 87.39%, Err 16 (1.0e-05)
194.089 .... 661 packets received, 6999 bps, 87.48%, Err 16 (1.0e-05)
196.219 .... 669 packets received, 7006 bps, 87.58%, Err 16 (1.0e-05)
198.305 .... 677 packets received, 7015 bps, 87.69%, Err 16 (1.0e-05)
200.420 .... 685 packets received, 7023 bps, 87.79%, Err 16 (1.0e-05)
202.492 .... 693 packets received, 7032 bps, 87.90%, Err 17 (1.1e-05)
206.484 .... 694 packets received, 6906 bps, 86.32%, Err 17 (1.0e-05)
208.580 .... 710 packets received, 6994 bps, 87.42%, Err 17 (1.0e-05)
210.699 .... 718 packets received, 7001 bps, 87.51%, Err 17 (1.0e-05)
212.801 .... 726 packets received, 7009 bps, 87.61%, Err 17 (1.0e-05)
214.917 .... 734 packets received, 7016 bps, 87.70%, Err 17 (9.9e-06)
220.708 .... 742 packets received, 6906 bps, 86.32%, Err 18 (1.0e-05)
222.807 .... 759 packets received, 6997 bps, 87.47%, Err 18 (1.0e-05)
224.942 .... 767 packets received, 7004 bps, 87.55%, Err 18 (1.0e-05)
227.056 .... 775 packets received, 7011 bps, 87.63%, Err 18 (9.9e-06)
229.197 .... 783 packets received, 7017 bps, 87.71%, Err 18 (9.8e-06)
231.290 .... 791 packets received, 7024 bps, 87.80%, Err 18 (9.7e-06)
233.413 .... 799 packets received, 7030 bps, 87.88%, Err 18 (9.7e-06)
235.509 .... 807 packets received, 7038 bps, 87.97%, Err 18 (9.6e-06)
237.634 .... 815 packets received, 7044 bps, 88.04%, Err 19 (1.0e-05)
241.555 .... 816 packets received, 6937 bps, 86.72%, Err 19 (9.8e-06)
243.688 .... 832 packets received, 7011 bps, 87.64%, Err 19 (9.8e-06)
245.787 .... 840 packets received, 7018 bps, 87.73%, Err 19 (9.7e-06)
250.819 .... 845 packets received, 6918 bps, 86.47%, Err 20 (1.0e-05)
252.938 .... 861 packets received, 6990 bps, 87.37%, Err 21 (1.0e-05)
255.026 .... 869 packets received, 6997 bps, 87.46%, Err 21 (1.0e-05)
257.212 .... 877 packets received, 7001 bps, 87.51%, Err 21 (1.0e-05)
262.252 .... 882 packets received, 6905 bps, 86.32%, Err 22 (1.1e-05)
264.377 .... 899 packets received, 6982 bps, 87.27%, Err 22 (1.0e-05)
266.477 .... 907 packets received, 6988 bps, 87.35%, Err 22 (1.0e-05)
268.654 .... 915 packets received, 6992 bps, 87.41%, Err 22 (1.0e-05)
270.818 .... 923 packets received, 6997 bps, 87.46%, Err 22 (1.0e-05)
272.950 .... 931 packets received, 7002 bps, 87.53%, Err 22 (1.0e-05)
275.119 .... 939 packets received, 7007 bps, 87.59%, Err 22 (1.0e-05)
277.206 .... 947 packets received, 7013 bps, 87.66%, Err 22 (9.9e-06)
279.290 .... 955 packets received, 7020 bps, 87.74%, Err 22 (9.9e-06)
281.424 .... 963 packets received, 7025 bps, 87.81%, Err 22 (9.8e-06)
283.514 .... 971 packets received, 7031 bps, 87.88%, Err 22 (9.7e-06)
285.652 .... 979 packets received, 7035 bps, 87.94%, Err 22 (9.6e-06)
291.279 .... 986 packets received, 6948 bps, 86.86%, Err 24 (1.0e-05)
294.460 .... 998 packets received, 6957 bps, 86.96%, Err 24 (1.0e-05)
296.570 .... 1011 packets received, 6997 bps, 87.47%, Err 24 (1.0e-05)
298.655 .... 1019 packets received, 7003 bps, 87.54%, Err 24 (1.0e-05)
300.863 .... 1027 packets received, 7006 bps, 87.58%, Err 24 (1.0e-05)
305.598 .... 1031 packets received, 6924 bps, 86.55%, Err 25 (1.0e-05)
307.765 .... 1048 packets received, 6989 bps, 87.36%, Err 26 (1.1e-05)
312.993 .... 1054 packets received, 6911 bps, 86.39%, Err 27 (1.1e-05)
315.092 .... 1071 packets received, 6976 bps, 87.20%, Err 27 (1.1e-05)
317.235 .... 1079 packets received, 6980 bps, 87.25%, Err 28 (1.1e-05)
319.346 .... 1087 packets received, 6986 bps, 87.32%, Err 28 (1.1e-05)
321.421 .... 1095 packets received, 6991 bps, 87.39%, Err 28 (1.1e-05)
323.547 .... 1103 packets received, 6996 bps, 87.45%, Err 28 (1.1e-05)
325.664 .... 1111 packets received, 7001 bps, 87.51%, Err 28 (1.1e-05)
327.758 .... 1119 packets received, 7006 bps, 87.58%, Err 28 (1.1e-05)
329.898 .... 1127 packets received, 7010 bps, 87.63%, Err 28 (1.1e-05)
332.001 .... 1135 packets received, 7015 bps, 87.69%, Err 28 (1.1e-05)
334.080 .... 1143 packets received, 7021 bps, 87.76%, Err 28 (1.0e-05)
336.229 .... 1151 packets received, 7025 bps, 87.81%, Err 28 (1.0e-05)
338.339 .... 1159 packets received, 7029 bps, 87.87%, Err 28 (1.0e-05)
